<?xml version="1.0" encoding="UTF-8"?>
<!-- Generated by org.testng.reporters.JUnitReportReporter -->
<testsuite hostname="LAPTOP-I8AG8EMN" failures="0" tests="1" name="pack1.NewTest" time="0.004" errors="0" timestamp="28 Dec 2021 16:41:51 GMT" skipped="0">
  <testcase classname="pack1.NewTest" name="f" time="0.004"/>
</testsuite> <!-- pack1.NewTest -->
